<?xml version="1.0" encoding="UTF-8"?>
<!-- Generated by org.testng.reporters.JUnitReportReporter -->
<testsuite hostname="LTIN538361" failures="0" tests="21" name="testRunner.TestRun" time="787.701" errors="0" timestamp="2025-07-16T10:20:39 IST" skipped="1">
  <testcase classname="testRunner.TestRun" name="runScenario" time="38.506"/>
  <testcase classname="testRunner.TestRun" name="runScenario" time="48.270"/>
  <testcase classname="testRunner.TestRun" name="runScenario" time="37.274"/>
  <testcase classname="testRunner.TestRun" name="runScenario" time="47.527"/>
  <testcase classname="testRunner.TestRun" name="runScenario" time="48.762"/>
  <testcase classname="testRunner.TestRun" name="runScenario" time="40.618"/>
  <testcase classname="testRunner.TestRun" name="runScenario" time="45.745"/>
  <testcase classname="testRunner.TestRun" name="runScenario" time="31.526"/>
  <testcase classname="testRunner.TestRun" name="runScenario" time="33.651"/>
  <testcase classname="testRunner.TestRun" name="runScenario" time="36.889"/>
  <testcase classname="testRunner.TestRun" name="runScenario" time="38.216"/>
  <testcase classname="testRunner.TestRun" name="runScenario" time="33.982"/>
  <testcase classname="testRunner.TestRun" name="runScenario" time="47.976"/>
  <testcase classname="testRunner.TestRun" name="runScenario" time="32.344"/>
  <testcase classname="testRunner.TestRun" name="runScenario" time="46.526"/>
  <testcase classname="testRunner.TestRun" name="runScenario" time="34.357"/>
  <testcase classname="testRunner.TestRun" name="runScenario" time="17.563">
    <skipped/>
  </testcase> <!-- runScenario -->
  <testcase classname="testRunner.TestRun" name="runScenario" time="36.209"/>
  <testcase classname="testRunner.TestRun" name="runScenario" time="34.859"/>
  <testcase classname="testRunner.TestRun" name="runScenario" time="28.821"/>
  <testcase classname="testRunner.TestRun" name="runScenario" time="28.080"/>
</testsuite> <!-- testRunner.TestRun -->
